<?xml version="1.0" encoding="UTF-8"?>
<!-- Generated by org.testng.reporters.JUnitReportReporter -->
<testsuite hostname="Karthik" failures="0" tests="5" name="testcases.SignupPagetest" time="32.336" errors="0" timestamp="2023-12-19T14:35:28 IST" skipped="0">
  <testcase classname="testcases.SignupPagetest" name="signup" time="6.524"/>
  <testcase classname="testcases.SignupPagetest" name="signup" time="6.525"/>
  <testcase classname="testcases.SignupPagetest" name="signup" time="5.903"/>
  <testcase classname="testcases.SignupPagetest" name="signup" time="6.551"/>
  <testcase classname="testcases.SignupPagetest" name="signup" time="6.833"/>
</testsuite> <!-- testcases.SignupPagetest -->
