<?xml version="1.0" encoding="UTF-8"?>
<!-- Generated by org.testng.reporters.JUnitReportReporter -->
<testsuite hostname="Karthik" failures="0" tests="5" name="Testcases.LoginPagetestwithddt" time="61.288" errors="0" timestamp="2023-12-18T20:17:43 IST" skipped="0">
  <testcase classname="Testcases.LoginPagetestwithddt" name="Loginwith_valid_credientials" time="12.056"/>
  <testcase classname="Testcases.LoginPagetestwithddt" name="Loginwith_valid_credientials" time="12.426"/>
  <testcase classname="Testcases.LoginPagetestwithddt" name="Loginwith_valid_credientials" time="12.140"/>
  <testcase classname="Testcases.LoginPagetestwithddt" name="Loginwith_valid_credientials" time="12.609"/>
  <testcase classname="Testcases.LoginPagetestwithddt" name="Loginwith_valid_credientials" time="12.057"/>
</testsuite> <!-- Testcases.LoginPagetestwithddt -->
