<?xml version="1.0" encoding="UTF-8"?>
<!-- Generated by org.testng.reporters.JUnitReportReporter -->
<testsuite hostname="Karthik" failures="0" tests="5" name="testcases.LoginPagetest" time="59.746" errors="0" timestamp="2023-12-19T14:35:28 IST" skipped="0">
  <testcase classname="testcases.LoginPagetest" name="Loginwith_valid_credientials" time="11.818"/>
  <testcase classname="testcases.LoginPagetest" name="Loginwith_valid_credientials" time="13.212"/>
  <testcase classname="testcases.LoginPagetest" name="Loginwith_valid_credientials" time="11.645"/>
  <testcase classname="testcases.LoginPagetest" name="Loginwith_valid_credientials" time="11.786"/>
  <testcase classname="testcases.LoginPagetest" name="Loginwith_valid_credientials" time="11.285"/>
</testsuite> <!-- testcases.LoginPagetest -->
