<?xml version="1.0" encoding="UTF-8"?>
<!-- Generated by org.testng.reporters.JUnitReportReporter -->
<testsuite hostname="Karthik" failures="0" tests="5" name="Testcases.signuptestwithddt" time="34.726" errors="0" timestamp="2023-12-18T20:17:43 IST" skipped="0">
  <testcase classname="Testcases.signuptestwithddt" name="signup" time="7.059"/>
  <testcase classname="Testcases.signuptestwithddt" name="signup" time="6.807"/>
  <testcase classname="Testcases.signuptestwithddt" name="signup" time="6.692"/>
  <testcase classname="Testcases.signuptestwithddt" name="signup" time="7.121"/>
  <testcase classname="Testcases.signuptestwithddt" name="signup" time="7.047"/>
</testsuite> <!-- Testcases.signuptestwithddt -->
