<?xml version="1.0" encoding="UTF-8"?>
<!-- Generated by org.testng.reporters.JUnitReportReporter -->
<testsuite hostname="Karthik" failures="0" tests="1" name="Testcases.logintest" time="12.154" errors="0" timestamp="2023-12-18T15:33:53 IST" skipped="0">
  <testcase classname="Testcases.logintest" name="Loginwith_valid_crediential" time="12.154"/>
</testsuite> <!-- Testcases.logintest -->
