<?xml version="1.0" encoding="UTF-8"?>
<!-- Generated by org.testng.reporters.JUnitReportReporter -->
<testsuite hostname="Karthik" failures="0" tests="1" name="Testcases.SignUptestcase" time="6.896" errors="0" timestamp="2023-12-18T20:17:43 IST" skipped="0">
  <testcase classname="Testcases.SignUptestcase" name="signup" time="6.896"/>
</testsuite> <!-- Testcases.SignUptestcase -->
