<?xml version="1.0" encoding="UTF-8"?>
<!-- Generated by org.testng.reporters.JUnitReportReporter -->
<testsuite hostname="Karthik" failures="0" tests="4" name="testcases.HomePagetest" time="11.029" errors="0" timestamp="2023-12-19T14:35:28 IST" skipped="0">
  <testcase classname="testcases.HomePagetest" name="verify_title" time="2.319"/>
  <testcase classname="testcases.HomePagetest" name="verify_Samsunggalaxys6" time="2.750"/>
  <testcase classname="testcases.HomePagetest" name="verify_allmenuitems" time="2.640"/>
  <testcase classname="testcases.HomePagetest" name="verify_logo" time="3.320"/>
</testsuite> <!-- testcases.HomePagetest -->
