<?xml version="1.0" encoding="UTF-8"?>
<!-- Generated by org.testng.reporters.JUnitReportReporter -->
<testsuite hostname="Karthik" failures="0" tests="2" name="testcases.LogoutPagetest" time="15.326" errors="0" timestamp="2023-12-19T14:35:28 IST" skipped="0">
  <testcase classname="testcases.LogoutPagetest" name="logout_" time="12.873"/>
  <testcase classname="testcases.LogoutPagetest" name="verify_logout" time="2.453"/>
</testsuite> <!-- testcases.LogoutPagetest -->
